2024-03-24 11:11:18.557 [info] Extension host with pid 85344 started
2024-03-24 11:11:18.557 [info] Skipping acquiring lock for /home/user/my-files/terraform-yt-20230710T043557Z-001/terraform-scripts/~/vscode-root/User/workspaceStorage/25d8305c0b6021d245b0113867d2bda8.
2024-03-24 11:11:18.596 [info] ExtensionService#_doActivateExtension vscode.git-base, startup: true, activationEvent: '*'
2024-03-24 11:11:18.699 [info] ExtensionService#_doActivateExtension vscode.github, startup: true, activationEvent: '*'
2024-03-24 11:11:18.775 [info] Eager extensions activated
2024-03-24 11:11:18.783 [info] ExtensionService#_doActivateExtension vscode.debug-auto-launch, startup: false, activationEvent: 'onStartupFinished'
2024-03-24 11:11:18.785 [info] ExtensionService#_doActivateExtension vscode.merge-conflict, startup: false, activationEvent: 'onStartupFinished'
2024-03-24 11:11:18.874 [info] ExtensionService#_doActivateExtension vscode.github-authentication, startup: false, activationEvent: 'onAuthenticationRequest:github'
2024-03-24 11:11:19.035 [info] ExtensionService#_doActivateExtension vscode.microsoft-authentication, startup: false, activationEvent: 'onAuthenticationRequest:microsoft'
2024-03-24 11:11:21.054 [info] ExtensionService#_doActivateExtension vscode.git, startup: false, activationEvent: 'api', root cause: vscode.github
2024-03-24 11:11:21.470 [info] ExtensionService#_doActivateExtension hashicorp.terraform, startup: false, activationEvent: 'workspaceContains:**/*.tf,**/*.tfvars'
2024-03-24 11:11:25.115 [info] ExtensionService#_doActivateExtension vscode.emmet, startup: false, activationEvent: 'onLanguage'
2024-03-24 11:11:33.355 [warning] [Decorations] CAPPING events from decorations provider vscode.git 263
2024-03-24 11:11:38.408 [warning] [Decorations] CAPPING events from decorations provider vscode.git 267
2024-03-24 11:11:43.457 [warning] [Decorations] CAPPING events from decorations provider vscode.git 266
2024-03-24 11:11:48.504 [warning] [Decorations] CAPPING events from decorations provider vscode.git 266
2024-03-24 11:11:53.553 [warning] [Decorations] CAPPING events from decorations provider vscode.git 264
2024-03-24 11:11:58.598 [warning] [Decorations] CAPPING events from decorations provider vscode.git 264
2024-03-24 11:12:02.517 [error] [hashicorp.terraform] provider FAILED
2024-03-24 11:12:02.517 [error] Error: terraform.tfvars (3,7): position outside of any attribute name, value or block
	at /root/.vscode/extensions/hashicorp.terraform-2.29.1-linux-x64/out/extension.js:2:540125
	at re (/root/.vscode/extensions/hashicorp.terraform-2.29.1-linux-x64/out/extension.js:2:540419)
	at /root/.vscode/extensions/hashicorp.terraform-2.29.1-linux-x64/out/extension.js:2:535203
	at Immediate.<anonymous> (/root/.vscode/extensions/hashicorp.terraform-2.29.1-linux-x64/out/extension.js:2:535223)
	at process.processImmediate (node:internal/timers:466:21)
2024-03-24 11:12:03.643 [warning] [Decorations] CAPPING events from decorations provider vscode.git 264
2024-03-24 11:12:08.686 [warning] [Decorations] CAPPING events from decorations provider vscode.git 264
2024-03-24 11:12:13.732 [warning] [Decorations] CAPPING events from decorations provider vscode.git 264
2024-03-24 11:12:18.795 [warning] [Decorations] CAPPING events from decorations provider vscode.git 264
2024-03-24 11:12:23.833 [warning] [Decorations] CAPPING events from decorations provider vscode.git 264
2024-03-24 11:12:35.750 [warning] [Decorations] CAPPING events from decorations provider vscode.git 264
2024-03-24 11:12:58.934 [warning] [Decorations] CAPPING events from decorations provider vscode.git 264
2024-03-24 11:13:03.987 [warning] [Decorations] CAPPING events from decorations provider vscode.git 264
2024-03-24 11:13:06.098 [error] [hashicorp.terraform] provider FAILED
2024-03-24 11:13:06.098 [error] Error: terraform.tfvars (10,21): position outside of any attribute name, value or block
	at /root/.vscode/extensions/hashicorp.terraform-2.29.1-linux-x64/out/extension.js:2:540125
	at re (/root/.vscode/extensions/hashicorp.terraform-2.29.1-linux-x64/out/extension.js:2:540419)
	at /root/.vscode/extensions/hashicorp.terraform-2.29.1-linux-x64/out/extension.js:2:535203
	at Immediate.<anonymous> (/root/.vscode/extensions/hashicorp.terraform-2.29.1-linux-x64/out/extension.js:2:535223)
	at process.processImmediate (node:internal/timers:466:21)
2024-03-24 11:13:06.430 [error] [hashicorp.terraform] provider FAILED
2024-03-24 11:13:06.430 [error] Error: terraform.tfvars (3,9): position outside of any attribute name, value or block
	at /root/.vscode/extensions/hashicorp.terraform-2.29.1-linux-x64/out/extension.js:2:540125
	at re (/root/.vscode/extensions/hashicorp.terraform-2.29.1-linux-x64/out/extension.js:2:540419)
	at /root/.vscode/extensions/hashicorp.terraform-2.29.1-linux-x64/out/extension.js:2:535203
	at Immediate.<anonymous> (/root/.vscode/extensions/hashicorp.terraform-2.29.1-linux-x64/out/extension.js:2:535223)
	at process.processImmediate (node:internal/timers:466:21)
2024-03-24 11:13:09.030 [warning] [Decorations] CAPPING events from decorations provider vscode.git 264
2024-03-24 11:13:14.077 [warning] [Decorations] CAPPING events from decorations provider vscode.git 265
2024-03-24 11:13:19.118 [warning] [Decorations] CAPPING events from decorations provider vscode.git 265
2024-03-24 11:13:24.161 [warning] [Decorations] CAPPING events from decorations provider vscode.git 265
2024-03-24 11:13:29.210 [warning] [Decorations] CAPPING events from decorations provider vscode.git 265
2024-03-24 11:13:34.258 [warning] [Decorations] CAPPING events from decorations provider vscode.git 265
2024-03-24 11:13:39.297 [warning] [Decorations] CAPPING events from decorations provider vscode.git 265
2024-03-24 11:13:44.339 [warning] [Decorations] CAPPING events from decorations provider vscode.git 265
2024-03-24 11:14:57.584 [warning] [Decorations] CAPPING events from decorations provider vscode.git 265
2024-03-24 11:15:02.649 [warning] [Decorations] CAPPING events from decorations provider vscode.git 264
2024-03-24 11:15:14.047 [warning] [Decorations] CAPPING events from decorations provider vscode.git 264
2024-03-24 11:15:19.093 [warning] [Decorations] CAPPING events from decorations provider vscode.git 264
2024-03-24 11:15:24.140 [warning] [Decorations] CAPPING events from decorations provider vscode.git 264
2024-03-24 11:15:29.188 [warning] [Decorations] CAPPING events from decorations provider vscode.git 264
2024-03-24 11:15:47.018 [warning] [Decorations] CAPPING events from decorations provider vscode.git 264
2024-03-24 11:15:52.062 [warning] [Decorations] CAPPING events from decorations provider vscode.git 264
2024-03-24 11:15:57.113 [warning] [Decorations] CAPPING events from decorations provider vscode.git 264
2024-03-24 11:16:02.150 [warning] [Decorations] CAPPING events from decorations provider vscode.git 264
2024-03-24 11:16:07.201 [warning] [Decorations] CAPPING events from decorations provider vscode.git 265
2024-03-24 11:16:12.235 [warning] [Decorations] CAPPING events from decorations provider vscode.git 266
2024-03-24 11:16:16.536 [error] [hashicorp.terraform] provider FAILED
2024-03-24 11:16:16.538 [error] Error: terraform.tfvars (2,4): position outside of any attribute name, value or block
	at /root/.vscode/extensions/hashicorp.terraform-2.29.1-linux-x64/out/extension.js:2:540125
	at re (/root/.vscode/extensions/hashicorp.terraform-2.29.1-linux-x64/out/extension.js:2:540419)
	at /root/.vscode/extensions/hashicorp.terraform-2.29.1-linux-x64/out/extension.js:2:535203
	at Immediate.<anonymous> (/root/.vscode/extensions/hashicorp.terraform-2.29.1-linux-x64/out/extension.js:2:535223)
	at process.processImmediate (node:internal/timers:466:21)
2024-03-24 11:16:17.274 [warning] [Decorations] CAPPING events from decorations provider vscode.git 266
2024-03-24 11:16:22.316 [warning] [Decorations] CAPPING events from decorations provider vscode.git 266
2024-03-24 11:16:27.359 [warning] [Decorations] CAPPING events from decorations provider vscode.git 268
2024-03-24 11:16:32.404 [warning] [Decorations] CAPPING events from decorations provider vscode.git 267
2024-03-24 11:16:37.448 [warning] [Decorations] CAPPING events from decorations provider vscode.git 269
2024-03-24 11:16:42.494 [warning] [Decorations] CAPPING events from decorations provider vscode.git 269
2024-03-24 11:16:47.538 [warning] [Decorations] CAPPING events from decorations provider vscode.git 269
2024-03-24 11:16:52.579 [warning] [Decorations] CAPPING events from decorations provider vscode.git 269
