2024-03-24 11:11:21.329 [info] Log level: Info
2024-03-24 11:11:21.329 [info] Validating found git in: "git"
2024-03-24 11:11:21.329 [info] Using git "2.25.1" from "git"
2024-03-24 11:11:21.329 [info] > git rev-parse --show-toplevel [11ms]
2024-03-24 11:11:21.329 [info] > git rev-parse --git-dir --git-common-dir [6ms]
2024-03-24 11:11:21.329 [info] Open repository: /home/user/my-files/terraform-yt-20230710T043557Z-001/terraform-scripts
2024-03-24 11:11:21.331 [info] > git config --get commit.template [4ms]
2024-03-24 11:11:21.331 [info] > git rev-parse --show-toplevel [10ms]
2024-03-24 11:11:21.345 [info] > git rev-parse --show-toplevel [8ms]
2024-03-24 11:11:21.350 [info] > git for-each-ref --format=%(refname)%00%(upstream:short)%00%(objectname)%00%(upstream:track)%00%(upstream:remotename)%00%(upstream:remoteref) refs/heads/main refs/remotes/main [7ms]
2024-03-24 11:11:21.361 [info] > git status -z -uall [3ms]
2024-03-24 11:11:21.389 [info] > git config --get commit.template [2ms]
2024-03-24 11:11:21.396 [info] > git for-each-ref --format=%(refname)%00%(upstream:short)%00%(objectname)%00%(upstream:track)%00%(upstream:remotename)%00%(upstream:remoteref) refs/heads/main refs/remotes/main [1ms]
2024-03-24 11:11:21.404 [info] > git status -z -uall [2ms]
2024-03-24 11:11:21.838 [info] > git check-ignore -v -z --stdin [1ms]
2024-03-24 11:11:24.395 [info] > git config --get commit.template [2ms]
2024-03-24 11:11:24.405 [info] > git for-each-ref --format=%(refname)%00%(upstream:short)%00%(objectname)%00%(upstream:track)%00%(upstream:remotename)%00%(upstream:remoteref) refs/heads/main refs/remotes/main [2ms]
2024-03-24 11:11:24.414 [info] > git status -z -uall [3ms]
2024-03-24 11:11:25.233 [info] > git ls-files --stage -- /home/user/my-files/terraform-yt-20230710T043557Z-001/terraform-scripts/.gitignore [2ms]
2024-03-24 11:11:25.240 [info] > git show --textconv :.gitignore [18ms]
2024-03-24 11:11:25.243 [info] > git cat-file -s da6ebff20102e57426d2de74688bc46fffaf3954 [4ms]
2024-03-24 11:11:33.324 [info] > git config --get commit.template [2ms]
2024-03-24 11:11:33.332 [info] > git for-each-ref --format=%(refname)%00%(upstream:short)%00%(objectname)%00%(upstream:track)%00%(upstream:remotename)%00%(upstream:remoteref) refs/heads/main refs/remotes/main [2ms]
2024-03-24 11:11:33.345 [info] > git status -z -uall [5ms]
2024-03-24 11:11:37.773 [info] > git check-ignore -v -z --stdin [1ms]
2024-03-24 11:11:38.376 [info] > git config --get commit.template [1ms]
2024-03-24 11:11:38.385 [info] > git for-each-ref --format=%(refname)%00%(upstream:short)%00%(objectname)%00%(upstream:track)%00%(upstream:remotename)%00%(upstream:remoteref) refs/heads/main refs/remotes/main [2ms]
2024-03-24 11:11:38.398 [info] > git status -z -uall [5ms]
2024-03-24 11:11:43.428 [info] > git config --get commit.template [2ms]
2024-03-24 11:11:43.437 [info] > git for-each-ref --format=%(refname)%00%(upstream:short)%00%(objectname)%00%(upstream:track)%00%(upstream:remotename)%00%(upstream:remoteref) refs/heads/main refs/remotes/main [2ms]
2024-03-24 11:11:43.448 [info] > git status -z -uall [5ms]
2024-03-24 11:11:48.474 [info] > git config --get commit.template [3ms]
2024-03-24 11:11:48.483 [info] > git for-each-ref --format=%(refname)%00%(upstream:short)%00%(objectname)%00%(upstream:track)%00%(upstream:remotename)%00%(upstream:remoteref) refs/heads/main refs/remotes/main [2ms]
2024-03-24 11:11:48.495 [info] > git status -z -uall [5ms]
2024-03-24 11:11:53.530 [info] > git config --get commit.template [8ms]
2024-03-24 11:11:53.531 [info] > git for-each-ref --format=%(refname)%00%(upstream:short)%00%(objectname)%00%(upstream:track)%00%(upstream:remotename)%00%(upstream:remoteref) refs/heads/main refs/remotes/main [2ms]
2024-03-24 11:11:53.543 [info] > git status -z -uall [5ms]
2024-03-24 11:11:58.575 [info] > git config --get commit.template [7ms]
2024-03-24 11:11:58.576 [info] > git for-each-ref --format=%(refname)%00%(upstream:short)%00%(objectname)%00%(upstream:track)%00%(upstream:remotename)%00%(upstream:remoteref) refs/heads/main refs/remotes/main [2ms]
2024-03-24 11:11:58.587 [info] > git status -z -uall [5ms]
2024-03-24 11:11:59.428 [info] > git check-ignore -v -z --stdin [2ms]
2024-03-24 11:12:01.475 [info] > git show --textconv :terraform.tfvars [9ms]
2024-03-24 11:12:01.477 [info] > git ls-files --stage -- /home/user/my-files/terraform-yt-20230710T043557Z-001/terraform-scripts/terraform.tfvars [3ms]
2024-03-24 11:12:01.487 [info] > git cat-file -s ce487c949a2c9edbd4cff7db1093aff78968e798 [2ms]
2024-03-24 11:12:03.620 [info] > git config --get commit.template [8ms]
2024-03-24 11:12:03.621 [info] > git for-each-ref --format=%(refname)%00%(upstream:short)%00%(objectname)%00%(upstream:track)%00%(upstream:remotename)%00%(upstream:remoteref) refs/heads/main refs/remotes/main [2ms]
2024-03-24 11:12:03.633 [info] > git status -z -uall [5ms]
2024-03-24 11:12:08.663 [info] > git config --get commit.template [5ms]
2024-03-24 11:12:08.664 [info] > git for-each-ref --format=%(refname)%00%(upstream:short)%00%(objectname)%00%(upstream:track)%00%(upstream:remotename)%00%(upstream:remoteref) refs/heads/main refs/remotes/main [1ms]
2024-03-24 11:12:08.676 [info] > git status -z -uall [5ms]
2024-03-24 11:12:13.709 [info] > git config --get commit.template [9ms]
2024-03-24 11:12:13.710 [info] > git for-each-ref --format=%(refname)%00%(upstream:short)%00%(objectname)%00%(upstream:track)%00%(upstream:remotename)%00%(upstream:remoteref) refs/heads/main refs/remotes/main [2ms]
2024-03-24 11:12:13.723 [info] > git status -z -uall [4ms]
2024-03-24 11:12:18.756 [info] > git config --get commit.template [9ms]
2024-03-24 11:12:18.757 [info] > git for-each-ref --format=%(refname)%00%(upstream:short)%00%(objectname)%00%(upstream:track)%00%(upstream:remotename)%00%(upstream:remoteref) refs/heads/main refs/remotes/main [2ms]
2024-03-24 11:12:18.769 [info] > git status -z -uall [5ms]
2024-03-24 11:12:23.814 [info] > git config --get commit.template [8ms]
2024-03-24 11:12:23.815 [info] > git for-each-ref --format=%(refname)%00%(upstream:short)%00%(objectname)%00%(upstream:track)%00%(upstream:remotename)%00%(upstream:remoteref) refs/heads/main refs/remotes/main [2ms]
2024-03-24 11:12:23.826 [info] > git status -z -uall [4ms]
2024-03-24 11:12:35.730 [info] > git config --get commit.template [1ms]
2024-03-24 11:12:35.736 [info] > git for-each-ref --format=%(refname)%00%(upstream:short)%00%(objectname)%00%(upstream:track)%00%(upstream:remotename)%00%(upstream:remoteref) refs/heads/main refs/remotes/main [1ms]
2024-03-24 11:12:35.744 [info] > git status -z -uall [3ms]
2024-03-24 11:12:58.906 [info] > git config --get commit.template [2ms]
2024-03-24 11:12:58.915 [info] > git for-each-ref --format=%(refname)%00%(upstream:short)%00%(objectname)%00%(upstream:track)%00%(upstream:remotename)%00%(upstream:remoteref) refs/heads/main refs/remotes/main [2ms]
2024-03-24 11:12:58.926 [info] > git status -z -uall [4ms]
2024-03-24 11:13:03.951 [info] > git config --get commit.template [2ms]
2024-03-24 11:13:03.962 [info] > git for-each-ref --format=%(refname)%00%(upstream:short)%00%(objectname)%00%(upstream:track)%00%(upstream:remotename)%00%(upstream:remoteref) refs/heads/main refs/remotes/main [3ms]
2024-03-24 11:13:03.976 [info] > git status -z -uall [4ms]
2024-03-24 11:13:09.009 [info] > git config --get commit.template [9ms]
2024-03-24 11:13:09.010 [info] > git for-each-ref --format=%(refname)%00%(upstream:short)%00%(objectname)%00%(upstream:track)%00%(upstream:remotename)%00%(upstream:remoteref) refs/heads/main refs/remotes/main [2ms]
2024-03-24 11:13:09.022 [info] > git status -z -uall [5ms]
2024-03-24 11:13:11.986 [info] > git check-ignore -v -z --stdin [19ms]
2024-03-24 11:13:14.055 [info] > git config --get commit.template [9ms]
2024-03-24 11:13:14.056 [info] > git for-each-ref --format=%(refname)%00%(upstream:short)%00%(objectname)%00%(upstream:track)%00%(upstream:remotename)%00%(upstream:remoteref) refs/heads/main refs/remotes/main [3ms]
2024-03-24 11:13:14.068 [info] > git status -z -uall [5ms]
2024-03-24 11:13:19.098 [info] > git config --get commit.template [7ms]
2024-03-24 11:13:19.099 [info] > git for-each-ref --format=%(refname)%00%(upstream:short)%00%(objectname)%00%(upstream:track)%00%(upstream:remotename)%00%(upstream:remoteref) refs/heads/main refs/remotes/main [2ms]
2024-03-24 11:13:19.109 [info] > git status -z -uall [4ms]
2024-03-24 11:13:24.140 [info] > git config --get commit.template [8ms]
2024-03-24 11:13:24.140 [info] > git for-each-ref --format=%(refname)%00%(upstream:short)%00%(objectname)%00%(upstream:track)%00%(upstream:remotename)%00%(upstream:remoteref) refs/heads/main refs/remotes/main [2ms]
2024-03-24 11:13:24.152 [info] > git status -z -uall [5ms]
2024-03-24 11:13:28.764 [info] > git check-ignore -v -z --stdin [2ms]
2024-03-24 11:13:29.185 [info] > git config --get commit.template [10ms]
2024-03-24 11:13:29.186 [info] > git for-each-ref --format=%(refname)%00%(upstream:short)%00%(objectname)%00%(upstream:track)%00%(upstream:remotename)%00%(upstream:remoteref) refs/heads/main refs/remotes/main [2ms]
2024-03-24 11:13:29.199 [info] > git status -z -uall [4ms]
2024-03-24 11:13:34.227 [info] > git config --get commit.template [4ms]
2024-03-24 11:13:34.236 [info] > git for-each-ref --format=%(refname)%00%(upstream:short)%00%(objectname)%00%(upstream:track)%00%(upstream:remotename)%00%(upstream:remoteref) refs/heads/main refs/remotes/main [2ms]
2024-03-24 11:13:34.246 [info] > git status -z -uall [4ms]
2024-03-24 11:13:39.278 [info] > git config --get commit.template [7ms]
2024-03-24 11:13:39.279 [info] > git for-each-ref --format=%(refname)%00%(upstream:short)%00%(objectname)%00%(upstream:track)%00%(upstream:remotename)%00%(upstream:remoteref) refs/heads/main refs/remotes/main [2ms]
2024-03-24 11:13:39.287 [info] > git status -z -uall [3ms]
2024-03-24 11:13:44.322 [info] > git config --get commit.template [9ms]
2024-03-24 11:13:44.323 [info] > git for-each-ref --format=%(refname)%00%(upstream:short)%00%(objectname)%00%(upstream:track)%00%(upstream:remotename)%00%(upstream:remoteref) refs/heads/main refs/remotes/main [1ms]
2024-03-24 11:13:44.329 [info] > git status -z -uall [3ms]
2024-03-24 11:14:57.499 [info] > git config --get commit.template [2ms]
2024-03-24 11:14:57.525 [info] > git ls-files --stage -- /home/user/my-files/terraform-yt-20230710T043557Z-001/terraform-scripts/.gitignore [13ms]
2024-03-24 11:14:57.542 [info] > git ls-files --stage -- /home/user/my-files/terraform-yt-20230710T043557Z-001/terraform-scripts/terraform.tfvars [19ms]
2024-03-24 11:14:57.551 [info] > git for-each-ref --format=%(refname)%00%(upstream:short)%00%(objectname)%00%(upstream:track)%00%(upstream:remotename)%00%(upstream:remoteref) refs/heads/main refs/remotes/main [10ms]
2024-03-24 11:14:57.561 [info] > git cat-file -s da6ebff20102e57426d2de74688bc46fffaf3954 [28ms]
2024-03-24 11:14:57.563 [info] > git cat-file -s ce487c949a2c9edbd4cff7db1093aff78968e798 [13ms]
2024-03-24 11:14:57.575 [info] > git status -z -uall [15ms]
2024-03-24 11:14:57.602 [info] > git show --textconv :.gitignore [29ms]
2024-03-24 11:14:57.606 [info] > git show --textconv :terraform.tfvars [5ms]
2024-03-24 11:15:02.603 [info] > git config --get commit.template [1ms]
2024-03-24 11:15:02.615 [info] > git for-each-ref --format=%(refname)%00%(upstream:short)%00%(objectname)%00%(upstream:track)%00%(upstream:remotename)%00%(upstream:remoteref) refs/heads/main refs/remotes/main [8ms]
2024-03-24 11:15:02.632 [info] > git status -z -uall [7ms]
2024-03-24 11:15:13.975 [info] > git config --get commit.template [2ms]
2024-03-24 11:15:13.995 [info] > git ls-files --stage -- /home/user/my-files/terraform-yt-20230710T043557Z-001/terraform-scripts/.gitignore [10ms]
2024-03-24 11:15:14.010 [info] > git ls-files --stage -- /home/user/my-files/terraform-yt-20230710T043557Z-001/terraform-scripts/terraform.tfvars [16ms]
2024-03-24 11:15:14.012 [info] > git for-each-ref --format=%(refname)%00%(upstream:short)%00%(objectname)%00%(upstream:track)%00%(upstream:remotename)%00%(upstream:remoteref) refs/heads/main refs/remotes/main [3ms]
2024-03-24 11:15:14.022 [info] > git cat-file -s da6ebff20102e57426d2de74688bc46fffaf3954 [19ms]
2024-03-24 11:15:14.033 [info] > git status -z -uall [12ms]
2024-03-24 11:15:14.060 [info] > git show --textconv :terraform.tfvars [29ms]
2024-03-24 11:15:14.061 [info] > git show --textconv :.gitignore [2ms]
2024-03-24 11:15:19.070 [info] > git config --get commit.template [8ms]
2024-03-24 11:15:19.071 [info] > git for-each-ref --format=%(refname)%00%(upstream:short)%00%(objectname)%00%(upstream:track)%00%(upstream:remotename)%00%(upstream:remoteref) refs/heads/main refs/remotes/main [2ms]
2024-03-24 11:15:19.084 [info] > git status -z -uall [6ms]
2024-03-24 11:15:24.117 [info] > git config --get commit.template [8ms]
2024-03-24 11:15:24.119 [info] > git for-each-ref --format=%(refname)%00%(upstream:short)%00%(objectname)%00%(upstream:track)%00%(upstream:remotename)%00%(upstream:remoteref) refs/heads/main refs/remotes/main [2ms]
2024-03-24 11:15:24.131 [info] > git status -z -uall [5ms]
2024-03-24 11:15:29.165 [info] > git config --get commit.template [8ms]
2024-03-24 11:15:29.166 [info] > git for-each-ref --format=%(refname)%00%(upstream:short)%00%(objectname)%00%(upstream:track)%00%(upstream:remotename)%00%(upstream:remoteref) refs/heads/main refs/remotes/main [2ms]
2024-03-24 11:15:29.178 [info] > git status -z -uall [5ms]
2024-03-24 11:15:46.994 [info] > git config --get commit.template [10ms]
2024-03-24 11:15:46.996 [info] > git for-each-ref --format=%(refname)%00%(upstream:short)%00%(objectname)%00%(upstream:track)%00%(upstream:remotename)%00%(upstream:remoteref) refs/heads/main refs/remotes/main [2ms]
2024-03-24 11:15:47.009 [info] > git status -z -uall [5ms]
2024-03-24 11:15:52.039 [info] > git config --get commit.template [8ms]
2024-03-24 11:15:52.039 [info] > git for-each-ref --format=%(refname)%00%(upstream:short)%00%(objectname)%00%(upstream:track)%00%(upstream:remotename)%00%(upstream:remoteref) refs/heads/main refs/remotes/main [2ms]
2024-03-24 11:15:52.051 [info] > git status -z -uall [5ms]
2024-03-24 11:15:57.087 [info] > git config --get commit.template [9ms]
2024-03-24 11:15:57.089 [info] > git for-each-ref --format=%(refname)%00%(upstream:short)%00%(objectname)%00%(upstream:track)%00%(upstream:remotename)%00%(upstream:remoteref) refs/heads/main refs/remotes/main [3ms]
2024-03-24 11:15:57.102 [info] > git status -z -uall [5ms]
2024-03-24 11:16:02.126 [info] > git config --get commit.template [1ms]
2024-03-24 11:16:02.132 [info] > git for-each-ref --format=%(refname)%00%(upstream:short)%00%(objectname)%00%(upstream:track)%00%(upstream:remotename)%00%(upstream:remoteref) refs/heads/main refs/remotes/main [1ms]
2024-03-24 11:16:02.142 [info] > git status -z -uall [4ms]
2024-03-24 11:16:07.176 [info] > git config --get commit.template [10ms]
2024-03-24 11:16:07.177 [info] > git for-each-ref --format=%(refname)%00%(upstream:short)%00%(objectname)%00%(upstream:track)%00%(upstream:remotename)%00%(upstream:remoteref) refs/heads/main refs/remotes/main [3ms]
2024-03-24 11:16:07.192 [info] > git status -z -uall [5ms]
2024-03-24 11:16:12.220 [info] > git config --get commit.template [9ms]
2024-03-24 11:16:12.221 [info] > git for-each-ref --format=%(refname)%00%(upstream:short)%00%(objectname)%00%(upstream:track)%00%(upstream:remotename)%00%(upstream:remoteref) refs/heads/main refs/remotes/main [2ms]
2024-03-24 11:16:12.227 [info] > git status -z -uall [2ms]
2024-03-24 11:16:17.253 [info] > git config --get commit.template [6ms]
2024-03-24 11:16:17.254 [info] > git for-each-ref --format=%(refname)%00%(upstream:short)%00%(objectname)%00%(upstream:track)%00%(upstream:remotename)%00%(upstream:remoteref) refs/heads/main refs/remotes/main [2ms]
2024-03-24 11:16:17.269 [info] > git status -z -uall [2ms]
2024-03-24 11:16:22.287 [info] > git config --get commit.template [2ms]
2024-03-24 11:16:22.295 [info] > git for-each-ref --format=%(refname)%00%(upstream:short)%00%(objectname)%00%(upstream:track)%00%(upstream:remotename)%00%(upstream:remoteref) refs/heads/main refs/remotes/main [2ms]
2024-03-24 11:16:22.306 [info] > git status -z -uall [4ms]
2024-03-24 11:16:26.362 [info] > git check-ignore -v -z --stdin [2ms]
2024-03-24 11:16:27.326 [info] > git config --get commit.template [0ms]
2024-03-24 11:16:27.332 [info] > git for-each-ref --format=%(refname)%00%(upstream:short)%00%(objectname)%00%(upstream:track)%00%(upstream:remotename)%00%(upstream:remoteref) refs/heads/main refs/remotes/main [1ms]
2024-03-24 11:16:27.346 [info] > git status -z -uall [5ms]
2024-03-24 11:16:32.383 [info] > git config --get commit.template [9ms]
2024-03-24 11:16:32.384 [info] > git for-each-ref --format=%(refname)%00%(upstream:short)%00%(objectname)%00%(upstream:track)%00%(upstream:remotename)%00%(upstream:remoteref) refs/heads/main refs/remotes/main [2ms]
2024-03-24 11:16:32.395 [info] > git status -z -uall [4ms]
2024-03-24 11:16:37.426 [info] > git config --get commit.template [8ms]
2024-03-24 11:16:37.427 [info] > git for-each-ref --format=%(refname)%00%(upstream:short)%00%(objectname)%00%(upstream:track)%00%(upstream:remotename)%00%(upstream:remoteref) refs/heads/main refs/remotes/main [2ms]
2024-03-24 11:16:37.438 [info] > git status -z -uall [5ms]
2024-03-24 11:16:42.472 [info] > git config --get commit.template [9ms]
2024-03-24 11:16:42.473 [info] > git for-each-ref --format=%(refname)%00%(upstream:short)%00%(objectname)%00%(upstream:track)%00%(upstream:remotename)%00%(upstream:remoteref) refs/heads/main refs/remotes/main [2ms]
2024-03-24 11:16:42.485 [info] > git status -z -uall [5ms]
2024-03-24 11:16:47.515 [info] > git config --get commit.template [8ms]
2024-03-24 11:16:47.516 [info] > git for-each-ref --format=%(refname)%00%(upstream:short)%00%(objectname)%00%(upstream:track)%00%(upstream:remotename)%00%(upstream:remoteref) refs/heads/main refs/remotes/main [2ms]
2024-03-24 11:16:47.528 [info] > git status -z -uall [5ms]
2024-03-24 11:16:49.285 [info] > git show --textconv :.gitignore [14ms]
2024-03-24 11:16:49.286 [info] > git ls-files --stage -- /home/user/my-files/terraform-yt-20230710T043557Z-001/terraform-scripts/.gitignore [2ms]
2024-03-24 11:16:49.296 [info] > git cat-file -s da6ebff20102e57426d2de74688bc46fffaf3954 [2ms]
2024-03-24 11:16:52.561 [info] > git config --get commit.template [8ms]
2024-03-24 11:16:52.561 [info] > git for-each-ref --format=%(refname)%00%(upstream:short)%00%(objectname)%00%(upstream:track)%00%(upstream:remotename)%00%(upstream:remoteref) refs/heads/main refs/remotes/main [1ms]
2024-03-24 11:16:52.570 [info] > git status -z -uall [5ms]
2024-03-24 11:16:54.336 [info] > git check-ignore -v -z --stdin [1ms]
